{"name": "Test get orders with authorisation", "status": "failed", "statusDetails": {"message": "AssertionError: assert 401 == 200\n +  where 401 = <Response [401]>.status_code", "trace": "self = <Diplom_2.tests.test_get_orders_of_user.TestGetOrdersOfUser object at 0x1078ff650>, user_registration = None, make_order = None\n\n    @allure.title('Test get orders with authorisation')\n    def test_get_orders_of_user(self, user_registration, make_order):\n        get_response = requests.get(\n            f'{Urls.MAIN_URL}{Handlers.GET_ORDERS}')\n    \n>       assert get_response.status_code == 200\nE       assert 401 == 200\nE        +  where 401 = <Response [401]>.status_code\n\ntests/test_get_orders_of_user.py:23: AssertionError"}, "start": 1703667608924, "stop": 1703667609046, "uuid": "52822aca-d4a2-4afc-baec-cc9fe93dc946", "historyId": "9bbc02c8722bf1faf4d3dd308bd3ad5e", "testCaseId": "9bbc02c8722bf1faf4d3dd308bd3ad5e", "fullName": "tests.test_get_orders_of_user.TestGetOrdersOfUser#test_get_orders_of_user", "labels": [{"name": "parentSuite", "value": "tests"}, {"name": "suite", "value": "test_get_orders_of_user"}, {"name": "subSuite", "value": "TestGetOrdersOfUser"}, {"name": "host", "value": "MacBook-Air-Aleksej.local"}, {"name": "thread", "value": "7767-MainThread"}, {"name": "framework", "value": "pytest"}, {"name": "language", "value": "cpython3"}, {"name": "package", "value": "tests.test_get_orders_of_user"}]}