{"name": "Test make order with incorrect hash of ingredients", "status": "failed", "statusDetails": {"message": "AssertionError: assert 500 == 400\n +  where 500 = <Response [500]>.status_code", "trace": "self = <Diplom_2.tests.test_make_order.TestMakeOrder object at 0x107912290>, user_registration = None\n\n    @allure.title('Test make order with incorrect hash of ingredients')\n    def test_make_order_with_wrong_hash(self, user_registration):\n        ingredient_hash_data = {\n            \"ingredients\": [\"60d3b41abdacab0026a733c6wrong\",\n                            \"609646e4dc916e00276b2870incorrect\"]\n        }\n        response = requests.post(\n            f'{Urls.MAIN_URL}{Handlers.MAKE_ORDER}', data=ingredient_hash_data)\n>       assert response.status_code == 400\nE       assert 500 == 400\nE        +  where 500 = <Response [500]>.status_code\n\ntests/test_make_order.py:56: AssertionError"}, "start": 1703667610589, "stop": 1703667610743, "uuid": "0af27db1-9e0d-4a8a-837f-83eac046a43f", "historyId": "7413383c77a25d081da4ec7d8f699057", "testCaseId": "7413383c77a25d081da4ec7d8f699057", "fullName": "tests.test_make_order.TestMakeOrder#test_make_order_with_wrong_hash", "labels": [{"name": "parentSuite", "value": "tests"}, {"name": "suite", "value": "test_make_order"}, {"name": "subSuite", "value": "TestMakeOrder"}, {"name": "host", "value": "MacBook-Air-Aleksej.local"}, {"name": "thread", "value": "7767-MainThread"}, {"name": "framework", "value": "pytest"}, {"name": "language", "value": "cpython3"}, {"name": "package", "value": "tests.test_make_order"}]}