{"name": "test_get_orders_of_user_without_authorisation", "status": "failed", "statusDetails": {"message": "AssertionError: assert 401 == 400\n +  where 401 = <Response [401]>.status_code", "trace": "self = <Diplom_2.tests.test_get_orders_of_user.TestGetOrdersOfUser object at 0x107910510>\n\n    def test_get_orders_of_user_without_authorisation(self):\n        get_response = requests.get(\n            f'{Urls.MAIN_URL}{Handlers.GET_ORDERS}')\n    \n>       assert get_response.status_code == 400\nE       assert 401 == 400\nE        +  where 401 = <Response [401]>.status_code\n\ntests/test_get_orders_of_user.py:30: AssertionError"}, "start": 1703667609053, "stop": 1703667609174, "uuid": "4e5521f9-6a64-408e-83c4-5d00a28889d1", "historyId": "724695f823b7fe65d1fd014bdb4e515c", "testCaseId": "724695f823b7fe65d1fd014bdb4e515c", "fullName": "tests.test_get_orders_of_user.TestGetOrdersOfUser#test_get_orders_of_user_without_authorisation", "labels": [{"name": "parentSuite", "value": "tests"}, {"name": "suite", "value": "test_get_orders_of_user"}, {"name": "subSuite", "value": "TestGetOrdersOfUser"}, {"name": "host", "value": "MacBook-Air-Aleksej.local"}, {"name": "thread", "value": "7767-MainThread"}, {"name": "framework", "value": "pytest"}, {"name": "language", "value": "cpython3"}, {"name": "package", "value": "tests.test_get_orders_of_user"}]}