{"name": "Positive login", "status": "failed", "statusDetails": {"message": "AssertionError: assert 401 == 200\n +  where 401 = <Response [401]>.status_code", "trace": "self = <Diplom_2.tests.test_authorisation.TestAuthorisation object at 0x1078ebe90>\n\n    @allure.title('Positive login')\n    def test_positive_authorisation(self):\n        response = requests.post(\n            f'{Urls.MAIN_URL}{Handlers.LOGIN}',\n            data=TestAuthorisation.data)\n>       assert response.status_code == 200\nE       assert 401 == 200\nE        +  where 401 = <Response [401]>.status_code\n\ntests/test_authorisation.py:27: AssertionError"}, "start": 1703667606593, "stop": 1703667606741, "uuid": "0d386506-649f-4024-b87c-d5add141a827", "historyId": "129c36291892d438a3d27f48d1c54a7b", "testCaseId": "129c36291892d438a3d27f48d1c54a7b", "fullName": "tests.test_authorisation.TestAuthorisation#test_positive_authorisation", "labels": [{"name": "parentSuite", "value": "tests"}, {"name": "suite", "value": "test_authorisation"}, {"name": "subSuite", "value": "TestAuthorisation"}, {"name": "host", "value": "MacBook-Air-Aleksej.local"}, {"name": "thread", "value": "7767-MainThread"}, {"name": "framework", "value": "pytest"}, {"name": "language", "value": "cpython3"}, {"name": "package", "value": "tests.test_authorisation"}]}